"D:/LudumDare49/Ludum49Unstable/LudumUnstable/Content/Fonts/RUNDM.uasset" 0
"D:/LudumDare49/Ludum49Unstable/LudumUnstable/Content/Fonts/Blueberry.uasset" 1
"D:/LudumDare49/Ludum49Unstable/LudumUnstable/Content/Fonts/RUNDM_Font.uasset" 2
"D:/LudumDare49/Ludum49Unstable/LudumUnstable/Content/Fonts/Blueberry_Font.uasset" 3
"D:/LudumDare49/Ludum49Unstable/LudumUnstable/Content/Geometry/Meshes/CubeMaterial.uasset" 4
"D:/LudumDare49/Ludum49Unstable/LudumUnstable/Content/Geometry/Meshes/1M_Cube_Chamfer.uasset" 5
"D:/LudumDare49/Ludum49Unstable/LudumUnstable/Content/Geometry/Meshes/TemplateFloor.uasset" 6
"D:/LudumDare49/Ludum49Unstable/LudumUnstable/Content/TwinStick/Meshes/BaseMaterial.uasset" 7
"D:/LudumDare49/Ludum49Unstable/LudumUnstable/Content/TwinStick/Meshes/BlueMaterial.uasset" 8
"D:/LudumDare49/Ludum49Unstable/LudumUnstable/Content/TwinStick/Meshes/TwinStickUFO.uasset" 9
"../../../Engine/Content/EngineMaterials/T_Default_Material_Grid_N.uasset" 10
"../../../Engine/Content/EngineMaterials/T_Default_Material_Grid_M.uasset" 11
"../../../Engine/Content/Functions/Engine_MaterialFunctions01/Opacity/CameraDepthFade.uasset" 12
"../../../Engine/Content/EngineMaterials/WorldGridMaterial.uasset" 13
"../../../Engine/Content/ArtTools/RenderToTexture/Meshes/S_1_Unit_Plane.uasset" 14
"../../../Engine/Content/EngineMaterials/DefaultMaterial.uasset" 15
"../../../Engine/Content/BasicShapes/Cone.uasset" 16
"../../../Engine/Content/EditorLandscapeResources/DataLayer.uasset" 17
"../../../Engine/Content/EditorLandscapeResources/DefaultAlphaTexture.uasset" 18
"../../../Engine/Content/EditorMaterials/MAT_Groups_Toggle.uasset" 19
"../../../Engine/Content/EditorMaterials/MAT_Groups_Visibility.uasset" 20
"../../../Engine/Content/EditorMaterials/PreviewShadowIndicator.uasset" 21
"../../../Engine/Content/EditorMaterials/PreviewShadowIndicatorMaterial.uasset" 22
"../../../Engine/Content/EditorMaterials/MatineeGroups/MAT_ColorTrack.uasset" 23
"../../../Engine/Content/EditorMaterials/MatineeGroups/MAT_Groups_Anim.uasset" 24
"../../../Engine/Content/EditorMaterials/MatineeGroups/MAT_Groups_AudioMaster.uasset" 25
"../../../Engine/Content/EditorMaterials/MatineeGroups/MAT_Groups_Director.uasset" 26
"../../../Engine/Content/EditorMaterials/MatineeGroups/MAT_Groups_Event.uasset" 27
"../../../Engine/Content/EditorMaterials/MatineeGroups/MAT_Groups_Fade.uasset" 28
"../../../Engine/Content/EditorMaterials/MatineeGroups/MAT_Groups_Float.uasset" 29
"../../../Engine/Content/EditorMaterials/MatineeGroups/MAT_Groups_Move.uasset" 30
"../../../Engine/Content/EditorMaterials/MatineeGroups/MAT_Groups_Slomo.uasset" 31
"../../../Engine/Content/EditorMaterials/MatineeGroups/MAT_Groups_Sound.uasset" 32
"../../../Engine/Content/EditorMaterials/MatineeGroups/MAT_Groups_Vector.uasset" 33
"../../../Engine/Content/EditorMaterials/ParticleSystems/PSysThumbnail_NoImage.uasset" 34
"../../../Engine/Content/EditorMaterials/ParticleSystems/PSysThumbnail_OOD.uasset" 35
"../../../Engine/Content/EditorMaterials/Camera/CineMat.uasset" 36
"../../../Engine/Content/EditorMaterials/Camera/MI_CineMat_Rig.uasset" 37
"../../../Engine/Content/EditorMeshes/Camera/SM_CraneRig_Arm.uasset" 38
"../../../Engine/Content/EditorMeshes/Camera/SM_CraneRig_Base.uasset" 39
"../../../Engine/Content/EditorMeshes/Camera/SM_CraneRig_Body.uasset" 40
"../../../Engine/Content/EditorMeshes/Camera/SM_CraneRig_Mount.uasset" 41
"../../../Engine/Content/EditorMeshes/Camera/SM_RailRig_Mount.uasset" 42
"../../../Engine/Content/EditorMeshes/Camera/SM_RailRig_Track.uasset" 43
"../../../Engine/Content/EditorResources/BSPVertex.uasset" 44
"../../../Engine/Content/EditorResources/EmptyActor.uasset" 45
"../../../Engine/Content/EditorResources/S_Actor.uasset" 46
"../../../Engine/Content/EditorResources/S_KBSJoint.uasset" 47
"../../../Engine/Content/EditorResources/S_Note.uasset" 48
"../../../Engine/Content/EditorResources/S_Solver.uasset" 49
"../../../Engine/Content/EditorResources/S_Terrain.uasset" 50
"../../../Engine/Content/EditorResources/S_Trigger.uasset" 51
"../../../Engine/Content/EditorResources/AudioIcons/S_AudioComponent_AutoActivate.uasset" 52
"../../../Engine/Content/EditorResources/LightIcons/S_LightError.uasset" 53
"../../../Engine/Content/EditorResources/SequenceRecorder/Countdown.uasset" 54
"../../../Engine/Content/EditorResources/SequenceRecorder/RecordingIndicator.uasset" 55
"../../../Engine/Content/EngineDamageTypes/DmgTypeBP_Environmental.uasset" 56
"../../../Engine/Content/EngineDebugMaterials/DebugEditorMaterial.uasset" 57
"../../../Engine/Content/EngineDebugMaterials/DebugMeshMaterial.uasset" 58
"../../../Engine/Content/EngineDebugMaterials/M_SimpleUnlitTranslucent.uasset" 59
"../../../Engine/Content/EngineDebugMaterials/VolumeToRender.uasset" 60
"../../../Engine/Content/Functions/Engine_MaterialFunctions02/Utility/CameraDirectionVector.uasset" 61
"../../../Engine/Content/EngineDebugMaterials/M_VolumeRenderSphereTracePP.uasset" 62
"../../../Engine/Content/Functions/Engine_MaterialFunctions01/Shading/ConvertFromDiffSpec.uasset" 63
"../../../Engine/Content/EngineDebugMaterials/VertexColorMaterial.uasset" 64
"../../../Engine/Content/EngineDebugMaterials/WireframeMaterial.uasset" 65
"../../../Engine/Content/EngineFonts/Faces/RobotoRegular.uasset" 66
"../../../Engine/Content/EngineFonts/Faces/RobotoLight.uasset" 67
"../../../Engine/Content/EngineFonts/Faces/RobotoItalic.uasset" 68
"../../../Engine/Content/EngineFonts/Faces/RobotoBoldItalic.uasset" 69
"../../../Engine/Content/EngineFonts/Faces/RobotoBold.uasset" 70
"../../../Engine/Content/EngineFonts/Faces/DroidSansFallback.uasset" 71
"../../../Engine/Content/EngineFonts/Roboto.uasset" 72
"../../../Engine/Content/EngineMaterials/BaseFlattenNormalMap.uasset" 73
"../../../Engine/Content/EngineMaterials/BaseFlattenGrayscaleMap.uasset" 74
"../../../Engine/Content/EngineMaterials/BaseFlattenEmissiveMap.uasset" 75
"../../../Engine/Content/EngineMaterials/BaseFlattenDiffuseMap.uasset" 76
"../../../Engine/Content/EngineMaterials/BaseFlattenMaterial.uasset" 77
"../../../Engine/Content/EngineMaterials/BlueNoise.uasset" 78
"../../../Engine/Content/EngineMaterials/DefaultBloomKernel.uasset" 79
"../../../Engine/Content/EngineMaterials/DefaultBokeh.uasset" 80
"../../../Engine/Content/EngineMaterials/DefaultDiffuse.uasset" 81
"../../../Engine/Content/EngineMaterials/DefaultDeferredDecalMaterial.uasset" 82
"../../../Engine/Content/EngineMaterials/DefaultLightFunctionMaterial.uasset" 83
"../../../Engine/Content/EngineMaterials/DefaultPhysicalMaterial.uasset" 84
"../../../Engine/Content/Functions/Engine_MaterialFunctions02/Utility/BreakOutFloat2Components.uasset" 85
"../../../Engine/Content/EngineMaterials/DefaultPostProcessMaterial.uasset" 86
"../../../Engine/Content/EngineFonts/RobotoDistanceField.uasset" 87
"../../../Engine/Content/EngineMaterials/DefaultTextMaterialOpaque.uasset" 88
"../../../Engine/Content/EngineMaterials/DefaultWhiteGrid.uasset" 89
"../../../Engine/Content/EngineMaterials/DefaultWhiteGrid_Low.uasset" 90
"../../../Engine/Content/EngineMaterials/EmissiveMeshMaterial.uasset" 91
"../../../Engine/Content/EngineMaterials/GizmoMaterial.uasset" 92
"../../../Engine/Content/EngineMaterials/Good64x64TilingNoiseHighFreq.uasset" 93
"../../../Engine/Content/EngineMaterials/MiniFont.uasset" 94
"../../../Engine/Content/EngineMaterials/InvalidLightmapSettings.uasset" 95
"../../../Engine/Content/EngineMaterials/M_InvalidLightmapSettings.uasset" 96
"../../../Engine/Content/Functions/Engine_MaterialFunctions02/WorldPositionOffset/CameraOffset.uasset" 97
"../../../Engine/Content/EngineMaterials/PhAT_JointLimitMaterial.uasset" 98
"../../../Engine/Content/EngineMaterials/PreintegratedSkinBRDF.uasset" 99
"../../../Engine/Content/EngineMaterials/RemoveSurfaceMaterial.uasset" 100
"../../../Engine/Content/EngineMaterials/WeightMapPlaceholderTexture.uasset" 101
"../../../Engine/Content/EngineResources/WhiteSquareTexture.uasset" 102
"../../../Engine/Content/EngineMaterials/Widget3DPassThrough.uasset" 103
"../../../Engine/Content/EngineMaterials/Widget3DPassThrough_Masked.uasset" 104
"../../../Engine/Content/EngineMaterials/Widget3DPassThrough_Opaque.uasset" 105
"../../../Engine/Content/EngineMaterials/Widget3DPassThrough_Masked_OneSided.uasset" 106
"../../../Engine/Content/EngineMaterials/Widget3DPassThrough_Opaque_OneSided.uasset" 107
"../../../Engine/Content/EngineMaterials/Widget3DPassThrough_Translucent.uasset" 108
"../../../Engine/Content/EngineMaterials/Widget3DPassThrough_Translucent_OneSided.uasset" 109
"../../../Engine/Content/EngineMeshes/Cylinder.uasset" 110
"../../../Engine/Content/EngineMeshes/Sphere.uasset" 111
"../../../Engine/Content/EngineResources/Black.uasset" 112
"../../../Engine/Content/EngineResources/DefaultTextureCube.uasset" 113
"../../../Engine/Content/EngineResources/DefaultVolumeTexture2D.uasset" 114
"../../../Engine/Content/EngineResources/DefaultVolumeTexture.uasset" 115
"../../../Engine/Content/EngineResources/GradientTexture0.uasset" 116
"../../../Engine/Content/EngineSky/VolumetricClouds/T_NoiseShape64.uasset" 117
"../../../Engine/Content/EngineSky/VolumetricClouds/T_VolumeNoiseShape64.uasset" 118
"../../../Engine/Content/EngineSky/VolumetricClouds/T_NoiseErosion.uasset" 119
"../../../Engine/Content/EngineSky/VolumetricClouds/T_VolumeNoiseErosion32.uasset" 120
"../../../Engine/Content/EngineSky/VolumetricClouds/CloudWeatherTexture.uasset" 121
"../../../Engine/Content/EngineSky/VolumetricClouds/CloudGradientTexture.uasset" 122
"../../../Engine/Content/Functions/Engine_MaterialFunctions02/Utility/MakeFloat2.uasset" 123
"../../../Engine/Content/EngineSky/VolumetricClouds/m_SimpleVolumetricCloud.uasset" 124
"../../../Engine/Content/EngineSky/VolumetricClouds/m_SimpleVolumetricCloud_Inst.uasset" 125
"../../../Engine/Content/EngineSounds/Master.uasset" 126
"../../../Engine/Content/Functions/Engine_MaterialFunctions01/Shading/PowerToRoughness.uasset" 127
"../../../Engine/Content/Maps/Templates/Thumbnails/Default.uasset" 128
"../../../Engine/Content/Maps/Templates/Thumbnails/TimeOfDay.uasset" 129
"../../../Engine/Content/Maps/Templates/Thumbnails/VR-Basic.uasset" 130
"../../../Engine/Content/MobileResources/T_MobileControls_texture.uasset" 131
"../../../Engine/Content/MobileResources/T_MobileMenu2.uasset" 132
"../../../Engine/Content/MobileResources/HUD/AnalogHat.uasset" 133
"../../../Engine/Content/MobileResources/HUD/VirtualJoystick_Thumb.uasset" 134
"../../../Engine/Content/MobileResources/HUD/VirtualJoystick_Background.uasset" 135
"../../../Engine/Content/MobileResources/HUD/DefaultVirtualJoysticks.uasset" 136
"../../../Engine/Content/MobileResources/HUD/LeftVirtualJoystickOnly.uasset" 137
"../../../Engine/Content/MobileResources/HUD/MobileHUDButton1_off.uasset" 138
"../../../Engine/Content/MobileResources/HUD/MobileHUDButton1_on.uasset" 139
"../../../Engine/Content/MobileResources/HUD/MobileHUDButton2_off.uasset" 140
"../../../Engine/Content/MobileResources/HUD/MobileHUDButton2_on.uasset" 141
"../../../Engine/Content/MobileResources/HUD/MobileHUDButton3.uasset" 142
"../../../Engine/Content/MobileResources/HUD/MobileHUDButtonFire.uasset" 143
"../../../Engine/Content/MobileResources/HUD/MobileHUDDirectionPad.uasset" 144
"../../../Engine/Content/MobileResources/HUD/MobileHUDDirectionPad2.uasset" 145
"../../../Engine/Content/MobileResources/HUD/MobileHUDDirectionPad3.uasset" 146
"../../../Engine/Content/MobileResources/HUD/MobileHUDDirectionStick.uasset" 147
"../../../Engine/Content/MobileResources/HUD/T_Castle_ThumbstickInner.uasset" 148
"../../../Engine/Content/MobileResources/HUD/T_Castle_ThumbstickOutter.uasset" 149
"../../../Engine/Content/Tutorial/ContentIntroCurve.uasset" 150
"../../../Engine/Content/Tutorial/Basics/LevelEditorAttract.uasset" 151
"../../../Engine/Content/Tutorial/Code/AddingCode.uasset" 152
"../../../Engine/Content/Tutorial/BlueprintTutorials/TutorialAssets/Blueprint_64x.uasset" 153
"../../../Engine/Content/Tutorial/InWorldBlueprintEditing/IWBE_Tutorial.uasset" 154
"../../../Engine/Content/Tutorial/InWorldBlueprintEditing/IWBE_Tutorial_Part2.uasset" 155
"../../../Engine/Content/Tutorial/InWorldBlueprintEditing/IWBE_Tutorial_Part3.uasset" 156
"../../../Engine/Content/Tutorial/Landscape/TutorialAssets/Landscape.uasset" 157
"../../../Engine/Content/Tutorial/Landscape/LandscapeWalkThrough.uasset" 158
"../../../Engine/Content/Tutorial/Landscape/Landscape_Manage_Mode.uasset" 159
"../../../Engine/Content/EditorBlueprintResources/StandardMacros.uasset" 160
"../../../Engine/Content/Tutorial/Landscape/Landscape_Painting_Mode.uasset" 161
"../../../Engine/Content/Tutorial/Landscape/Landscape_Sculpt_Mode.uasset" 162
"../../../Engine/Content/Tutorial/Mobile/TutorialAssets/IOS.uasset" 163
"../../../Engine/Content/Tutorial/Mobile/InstallingiTunesTutorial.uasset" 164
"../../../Engine/Content/VREditor/TransformGizmo/TranslucentTransformGizmoMaterial.uasset" 165
"../../../Engine/Content/VREditor/LaserPointer/VR_LaserPower_01.uasset" 166
"../../../Engine/Content/VREditor/TransformGizmo/TransformGizmoMaterial.uasset" 167
"../../../Engine/Content/VREditor/TransformGizmo/BoundingBoxCorner.uasset" 168
"../../../Engine/Content/VREditor/TransformGizmo/BoundingBoxEdge.uasset" 169
"../../../Engine/Content/VREditor/TransformGizmo/PlaneTranslationHandle.uasset" 170
"../../../Engine/Content/VREditor/TransformGizmo/Xray.uasset" 171
"../../../Engine/Content/VREditor/TransformGizmo/Main.uasset" 172
"../../../Engine/Content/VREditor/TransformGizmo/SM_Sequencer_Key.uasset" 173
"../../../Engine/Content/VREditor/TransformGizmo/SM_Sequencer_Node.uasset" 174
"../../Plugins/2D/Paper2D/Content/PlaceholderTextures/DummySpriteTexture.uasset" 175
"../../Plugins/2D/Paper2D/Content/DummySprite.uasset" 176
"../../Plugins/2D/Paper2D/Content/DefaultPaperTerrainMaterial.uasset" 177
"../../Plugins/2D/Paper2D/Content/DefaultSpriteMaterial.uasset" 178
"../../Plugins/2D/Paper2D/Content/MaskedUnlitSpriteMaterial.uasset" 179
"../../Plugins/2D/Paper2D/Content/OpaqueUnlitSpriteMaterial.uasset" 180
"../../../Engine/Content/Functions/Engine_MaterialFunctions02/Utility/BreakOutFloat3Components.uasset" 181
"../../Plugins/Editor/SpeedTreeImporter/Content/SpeedTree9/UnpackInteger3.uasset" 182
"../../Plugins/Editor/SpeedTreeImporter/Content/SpeedTree9/UnpackDirection.uasset" 183
"../../Plugins/Editor/SpeedTreeImporter/Content/SpeedTree9/game_wind_noise.uasset" 184
"../../../Engine/Content/Functions/Engine_MaterialFunctions02/SafeNormalize.uasset" 185
"../../Plugins/Editor/SpeedTreeImporter/Content/SpeedTree9/SpeedTreeWindMotion.uasset" 186
"../../Plugins/Editor/SpeedTreeImporter/Content/SpeedTree9/SpeedTreeBranchMotion.uasset" 187
"../../../Engine/Content/Functions/Engine_MaterialFunctions02/ObjectLocalBounds.uasset" 188
"../../../Engine/Content/Functions/Engine_MaterialFunctions02/UVs/BoundingBoxBased_0-1_UVW.uasset" 189
"../../Plugins/Editor/SpeedTreeImporter/Content/SpeedTree9/SpeedTreeWind.uasset" 190
"../../Plugins/Editor/SpeedTreeImporter/Content/SpeedTree9/SpeedTreeBillboard.uasset" 191
"../../../Engine/Content/EngineResources/DefaultTexture.uasset" 192
"../../Plugins/Editor/SpeedTreeImporter/Content/SpeedTree9/SpeedTreeBillboardMaster.uasset" 193
"../../Plugins/Editor/SpeedTreeImporter/Content/SpeedTree9/SpeedTreeCameraFacing.uasset" 194
"../../Plugins/Editor/SpeedTreeImporter/Content/SpeedTree9/SpeedTreeMaster.uasset" 195
"../../../Engine/Content/BasicShapes/Cylinder.uasset" 196
"../../../Engine/Content/ArtTools/RenderToTexture/Materials/Debug/M_Emissive_Color.uasset" 197
"../../Plugins/Lumin/MagicLeapPassableWorld/Content/MagicLeapARPinInfoActor.uasset" 198
"../../../Engine/Content/Functions/Engine_MaterialFunctions02/Utility/BreakOutFloat4Components.uasset" 199
"../../../Engine/Content/Functions/Engine_MaterialFunctions02/Utility/MakeFloat3.uasset" 200
"../../Plugins/Runtime/Oculus/OculusVR/Content/Materials/OculusMR_ChromaKey.uasset" 201
"../../Plugins/Runtime/Oculus/OculusVR/Content/Materials/OculusMR_OpaqueColoredMaterial.uasset" 202
"../../Plugins/Runtime/Oculus/OculusVR/Content/Materials/PokeAHoleMaterial.uasset" 203
"../../../Engine/Content/Functions/Engine_MaterialFunctions03/Procedurals/ComputeFilterWidth.uasset" 204
"../../../Engine/Content/EngineMaterials/AntiAliasedTextMaterialTranslucent.uasset" 205
"D:/LudumDare49/Ludum49Unstable/LudumUnstable/Content/TwinStickBP/Maps/DynamicMenu_BuiltData.uasset" 206
"D:/LudumDare49/Ludum49Unstable/LudumUnstable/Content/Sounds/MenuMusic.uasset" 207
"D:/LudumDare49/Ludum49Unstable/LudumUnstable/Content/Sounds/MenuMusic_Cue.uasset" 208
"D:/LudumDare49/Ludum49Unstable/LudumUnstable/Content/Sounds/GameMusic.uasset" 209
"D:/LudumDare49/Ludum49Unstable/LudumUnstable/Content/Sounds/GameMusic_Cue.uasset" 210
"D:/LudumDare49/Ludum49Unstable/LudumUnstable/Content/Geometry/Meshes/1M_Cube.uasset" 211
"D:/LudumDare49/Ludum49Unstable/LudumUnstable/Content/Geometry/Meshes/FlatColor_Base.uasset" 212
"D:/LudumDare49/Ludum49Unstable/LudumUnstable/Content/Actors/PickUp_Base.uasset" 213
"D:/LudumDare49/Ludum49Unstable/LudumUnstable/Content/Actors/YellowBox.uasset" 214
"D:/LudumDare49/Ludum49Unstable/LudumUnstable/Content/Actors/RedBox.uasset" 215
"D:/LudumDare49/Ludum49Unstable/LudumUnstable/Content/Actors/BlueBox.uasset" 216
"D:/LudumDare49/Ludum49Unstable/LudumUnstable/Content/Actors/GreenBox.uasset" 217
"D:/LudumDare49/Ludum49Unstable/LudumUnstable/Content/Geometry/Meshes/ItemCrate_Skeleton.uasset" 218
"D:/LudumDare49/Ludum49Unstable/LudumUnstable/Content/Geometry/Meshes/ItemCrate_PhysicsAsset.uasset" 219
"D:/LudumDare49/Ludum49Unstable/LudumUnstable/Content/Geometry/Meshes/Wood.uasset" 220
"D:/LudumDare49/Ludum49Unstable/LudumUnstable/Content/Geometry/Meshes/ItemCrate.uasset" 221
"../../../Engine/Content/BasicShapes/Plane.uasset" 222
"../../Plugins/FX/Niagara/Content/DynamicInputs/Helpers/SimulationPosition.uasset" 223
"../../Plugins/FX/Niagara/Content/Enums/ENiagaraCoordinateSpace.uasset" 224
"../../Plugins/FX/Niagara/Content/Functions/Localspace/TransformBase.uasset" 225
"../../Plugins/FX/Niagara/Content/Functions/Localspace/TransformVector.uasset" 226
"../../Plugins/FX/Niagara/Content/Functions/DirectionAndLengthSafe.uasset" 227
"../../Plugins/FX/Niagara/Content/Enums/ENiagaraRandomnessEvaluation.uasset" 228
"../../Plugins/FX/Niagara/Content/Enums/ENiagaraRandomnessMode.uasset" 229
"../../Plugins/FX/Niagara/Content/Functions/V2/CalculateRandomRange.uasset" 230
"../../Plugins/FX/Niagara/Content/Functions/V2/CalculateRandomRangeFloat.uasset" 231
"../../Plugins/FX/Niagara/Content/Functions/V2/CalculateRandomUnitVector.uasset" 232
"../../Plugins/FX/Niagara/Content/DynamicInputs/Random/V2/RandomVector.uasset" 233
"../../Plugins/FX/Niagara/Content/DynamicInputs/UniformRange/V2/RandomRangeFloat.uasset" 234
"../../Plugins/FX/Niagara/Content/Enums/ENiagara_GPUCollisionType.uasset" 235
"../../Plugins/FX/Niagara/Content/DynamicInputs/ValueFromCurve/FloatFromCurve.uasset" 236
"../../Plugins/FX/Niagara/Content/Modules/Collision/SceneDepthTest.uasset" 237
"../../Plugins/FX/Niagara/Content/Modules/Collision/NiagaraDistanceFieldCollisions.uasset" 238
"../../Plugins/FX/Niagara/Content/Functions/GetRandomInfo.uasset" 239
"../../Plugins/FX/Niagara/Content/Functions/RandomRangeFloat.uasset" 240
"../../Plugins/FX/Niagara/Content/Functions/Rotation/MultiplyVectorWithQuaternion.uasset" 241
"../../Plugins/FX/Niagara/Content/Functions/Rotation/FindQuatBetween.uasset" 242
"../../Plugins/FX/Niagara/Content/Functions/Collision/RandomizeCollisionNormals.uasset" 243
"../../Plugins/FX/Niagara/Content/Functions/Collision/PlaneSphereCollisionDetection.uasset" 244
"../../Plugins/FX/Niagara/Content/Functions/ReflectVector.uasset" 245
"../../Plugins/FX/Niagara/Content/Functions/ProjectVectorOnPlane.uasset" 246
"../../Plugins/FX/Niagara/Content/Functions/Math/CentimeterMeterConversion.uasset" 247
"../../Plugins/FX/Niagara/Content/Enums/ENiagara_CPUCollisionType.uasset" 248
"../../Plugins/FX/Niagara/Content/Enums/ENiagaraFrictionMergeType.uasset" 249
"../../Plugins/FX/Niagara/Content/Enums/ENiagaraRestitutionMergeType.uasset" 250
"../../Plugins/FX/Niagara/Content/Modules/Collision/CollisionQueryAndResponse.uasset" 251
"../../Plugins/FX/Niagara/Content/Functions/Helpers/DoOnce_fn.uasset" 252
"../../Plugins/FX/Niagara/Content/Functions/Rotation/AxisAngleToQuaternion.uasset" 253
"../../Plugins/FX/Niagara/Content/Enums/ENiagaraCalculateRadiusOptions.uasset" 254
"../../Plugins/FX/Niagara/Content/Functions/CalculateRadiusFromSpriteSize.uasset" 255
"../../Plugins/FX/Niagara/Content/Functions/CalculateMeshRadius.uasset" 256
"../../Plugins/FX/Niagara/Content/Functions/Localspace/TransformPosition.uasset" 257
"../../Plugins/FX/Niagara/Content/Functions/Rotation/MultiplyQuaternion.uasset" 258
"../../Plugins/FX/Niagara/Content/Functions/Localspace/SimulationPosition.uasset" 259
"../../Plugins/FX/Niagara/Content/Modules/Solvers/SolveForcesAndVelocity.uasset" 260
"../../Plugins/FX/Niagara/Content/Enums/ENiagaraCollisionRadiusOptions.uasset" 261
"../../Plugins/FX/Niagara/Content/Modules/Collision/Collision.uasset" 262
"../../Plugins/FX/Niagara/Content/Functions/Emitter/EmitterChangeState.uasset" 263
"../../Plugins/FX/Niagara/Content/Enums/ENiagaraExecutionStateManagement.uasset" 264
"../../Plugins/FX/Niagara/Content/Enums/ENiagara_EmitterStateOptions.uasset" 265
"../../Plugins/FX/Niagara/Content/Enums/ENiagara_InfiniteLoopDuration.uasset" 266
"../../Plugins/FX/Niagara/Content/Enums/ENiagaraEmitterLifeCycleMode.uasset" 267
"../../Plugins/FX/Niagara/Content/Enums/ENiagaraEmitterScalabilityMode_Limited.uasset" 268
"../../Plugins/FX/Niagara/Content/Enums/ENiagaraInactiveMode.uasset" 269
"../../Plugins/FX/Niagara/Content/Modules/Emitter/EmitterState.uasset" 270
"../../Plugins/FX/Niagara/Content/Modules/Emitter/SpawnBurst_Instantaneous.uasset" 271
"../../Plugins/FX/Niagara/Content/Functions/LinearColor/HueShiftLinearColor.uasset" 272
"../../Plugins/FX/Niagara/Content/Functions/V2/CalculateRandomRangeInteger.uasset" 273
"../../Plugins/FX/Niagara/Content/Functions/V2/CalculateRandomBool.uasset" 274
"../../Plugins/FX/Niagara/Content/Enums/ENiagara_ColorInitializationMode.uasset" 275
"../../Plugins/FX/Niagara/Content/Enums/ENiagara_LifetimeMode.uasset" 276
"../../Plugins/FX/Niagara/Content/Enums/ENiagara_MassInitializationMode.uasset" 277
"../../Plugins/FX/Niagara/Content/Enums/ENiagara_PositionInitializationMode.uasset" 278
"../../Plugins/FX/Niagara/Content/Enums/ENiagara_SizeScaleMode.uasset" 279
"../../Plugins/FX/Niagara/Content/Enums/ENiagara_SpriteRotationMode.uasset" 280
"../../Plugins/FX/Niagara/Content/Enums/ENiagara_UVFlippingMode.uasset" 281
"../../Plugins/FX/Niagara/Content/Enums/ENiagaraChannelCorrelation.uasset" 282
"../../Plugins/FX/Niagara/Content/Modules/Spawn/Initialization/V2/InitializeParticle.uasset" 283
"../../Plugins/FX/Niagara/Content/Functions/V2/CalculateRandomPointInSphere.uasset" 284
"../../Plugins/FX/Niagara/Content/Functions/SphericalToCartesianCoordinates.uasset" 285
"../../Plugins/FX/Niagara/Content/Enums/ENiagaraSphereDistributionMode.uasset" 286
"../../Plugins/FX/Niagara/Content/Enums/ENiagaraExpansionMode.uasset" 287
"../../Plugins/FX/Niagara/Content/Modules/Spawn/Location/V2/SphereLocation.uasset" 288
"../../Plugins/FX/Niagara/Content/Functions/RandomUnitVector.uasset" 289
"../../Plugins/FX/Niagara/Content/Functions/RandomVector.uasset" 290
"../../Plugins/FX/Niagara/Content/Functions/NormalizeDistanceRange.uasset" 291
"../../Plugins/FX/Niagara/Content/Functions/DistanceBasedFalloff.uasset" 292
"../../Plugins/FX/Niagara/Content/Modules/Spawn/Velocity/AddVelocityFromPoint.uasset" 293
"../../Plugins/FX/Niagara/Content/Enums/ENiagaraScaleColorMode.uasset" 294
"../../Plugins/FX/Niagara/Content/Modules/Update/Color/ScaleColor.uasset" 295
"../../Plugins/FX/Niagara/Content/Modules/Update/Forces/Drag.uasset" 296
"../../Plugins/FX/Niagara/Content/Modules/Update/Forces/GravityForce.uasset" 297
"../../Plugins/FX/Niagara/Content/Modules/Update/Lifetime/ParticleState.uasset" 298
"../../Plugins/FX/Niagara/Content/Enums/ENiagaraMassByVolume.uasset" 299
"../../Plugins/FX/Niagara/Content/Modules/Update/Mass/CalculateSizeAndRotationalInertiaByMass.uasset" 300
"../../Plugins/FX/Niagara/Content/Modules/Solvers/ApplyRotationVector.uasset" 301
"../../Plugins/FX/Niagara/Content/Enums/ENiagaraMeshTransforms.uasset" 302
"../../Plugins/FX/Niagara/Content/Modules/Update/Orientation/V3/UpdateMeshOrientation.uasset" 303
"D:/LudumDare49/Ludum49Unstable/LudumUnstable/Content/Effects/CubeSprite.uasset" 304
"D:/LudumDare49/Ludum49Unstable/LudumUnstable/Content/Effects/Particle.uasset" 305
"D:/LudumDare49/Ludum49Unstable/LudumUnstable/Content/Effects/Explosion_Emitter.uasset" 306
"../../Plugins/FX/Niagara/Content/Enums/ENiagaraSystemInactiveMode.uasset" 307
"../../Plugins/FX/Niagara/Content/Functions/System/SystemChangeState.uasset" 308
"../../Plugins/FX/Niagara/Content/Modules/System/SystemState.uasset" 309
"D:/LudumDare49/Ludum49Unstable/LudumUnstable/Content/Effects/Explosion_Emitter_System.uasset" 310
"../../../Engine/Content/Functions/Engine_MaterialFunctions02/Utility/VectorToRadialValue.uasset" 311
"../../../Engine/Content/Functions/Engine_MaterialFunctions01/Density/ExponentialDensity.uasset" 312
"../../../Engine/Content/Functions/Engine_MaterialFunctions01/Gradient/RadialGradientExponential.uasset" 313
"D:/LudumDare49/Ludum49Unstable/LudumUnstable/Content/Materials/CircleTimer.uasset" 314
"../../../Engine/Content/BasicShapes/Sphere.uasset" 315
"D:/LudumDare49/Ludum49Unstable/LudumUnstable/Content/TwinStick/Meshes/OrangeMaterial.uasset" 316
"D:/LudumDare49/Ludum49Unstable/LudumUnstable/Content/TwinStick/Meshes/TwinStickProjectile.uasset" 317
"D:/LudumDare49/Ludum49Unstable/LudumUnstable/Content/TwinStickBP/Blueprints/TwinStickProjectile.uasset" 318
"D:/LudumDare49/Ludum49Unstable/LudumUnstable/Content/TwinStick/Audio/TwinStickFire.uasset" 319
"D:/LudumDare49/Ludum49Unstable/LudumUnstable/Content/Materials/RedDot_Mat.uasset" 320
"D:/LudumDare49/Ludum49Unstable/LudumUnstable/Content/Actors/TextPanel.uasset" 321
"D:/LudumDare49/Ludum49Unstable/LudumUnstable/Content/Actors/TextBubble.uasset" 322
"D:/LudumDare49/Ludum49Unstable/LudumUnstable/Content/Geometry/Meshes/Brass.uasset" 323
"D:/LudumDare49/Ludum49Unstable/LudumUnstable/Content/Geometry/Meshes/PurpleVelvet.uasset" 324
"D:/LudumDare49/Ludum49Unstable/LudumUnstable/Content/Geometry/Meshes/RedLeather.uasset" 325
"D:/LudumDare49/Ludum49Unstable/LudumUnstable/Content/Geometry/Meshes/RedPlastic.uasset" 326
"D:/LudumDare49/Ludum49Unstable/LudumUnstable/Content/Geometry/Meshes/SpiritFlame.uasset" 327
"D:/LudumDare49/Ludum49Unstable/LudumUnstable/Content/Geometry/Meshes/Twine.uasset" 328
"D:/LudumDare49/Ludum49Unstable/LudumUnstable/Content/Geometry/Meshes/Hatmantha_PhysicsAsset.uasset" 329
"D:/LudumDare49/Ludum49Unstable/LudumUnstable/Content/Geometry/Meshes/Hatmantha_Skeleton.uasset" 330
"D:/LudumDare49/Ludum49Unstable/LudumUnstable/Content/Geometry/Meshes/Hatmantha.uasset" 331
"../../../Engine/Content/Animation/DefaultAnimBoneCompressionSettings.uasset" 332
"../../../Engine/Content/Animation/DefaultAnimCurveCompressionSettings.uasset" 333
"D:/LudumDare49/Ludum49Unstable/LudumUnstable/Content/Geometry/Meshes/Hatmantha_Anim_Hatmantha_Arma_Drop.uasset" 334
"D:/LudumDare49/Ludum49Unstable/LudumUnstable/Content/Geometry/Meshes/Hatmantha_Anim_Hatmantha_Arma_Lift.uasset" 335
"D:/LudumDare49/Ludum49Unstable/LudumUnstable/Content/Geometry/Meshes/Hatmantha_Anim_Hatmantha_Arma_Spawn.uasset" 336
"D:/LudumDare49/Ludum49Unstable/LudumUnstable/Content/Geometry/Meshes/Hatmantha_Anim_Hatmantha_Arma_Walk.uasset" 337
"D:/LudumDare49/Ludum49Unstable/LudumUnstable/Content/Geometry/Meshes/Hatmantha_Anim_Hatmantha_Arma_LiftWalk.uasset" 338
"D:/LudumDare49/Ludum49Unstable/LudumUnstable/Content/Geometry/Meshes/Hatmantha_Anim_Hatmantha_Arma_LiftIdle.uasset" 339
"D:/LudumDare49/Ludum49Unstable/LudumUnstable/Content/Geometry/Meshes/Hatmantha_Anim_Hatmantha_Arma_Idle.uasset" 340
"D:/LudumDare49/Ludum49Unstable/LudumUnstable/Content/Geometry/Meshes/Hatmantha_IWR.uasset" 341
"D:/LudumDare49/Ludum49Unstable/LudumUnstable/Content/Geometry/Meshes/Hatmantha_AnimBP.uasset" 342
"D:/LudumDare49/Ludum49Unstable/LudumUnstable/Content/TwinStickBP/Blueprints/TwinStickPawn.uasset" 343
"../../../Engine/Content/BasicShapes/Cube.uasset" 344
"D:/LudumDare49/Ludum49Unstable/LudumUnstable/Content/Actors/ItemIndicator.uasset" 345
"D:/LudumDare49/Ludum49Unstable/LudumUnstable/Content/Geometry/Meshes/ItemCrate_Anim_Crate_Arma_Complete.uasset" 346
"D:/LudumDare49/Ludum49Unstable/LudumUnstable/Content/Geometry/Meshes/ItemCrate_Anim_Crate_Arma_Spawn.uasset" 347
"D:/LudumDare49/Ludum49Unstable/LudumUnstable/Content/Geometry/Meshes/ItemCrate_Anim_Crate_Arma_Add.uasset" 348
"D:/LudumDare49/Ludum49Unstable/LudumUnstable/Content/Actors/ItemBox.uasset" 349
"D:/LudumDare49/Ludum49Unstable/LudumUnstable/Content/Actors/GameplayController.uasset" 350
"D:/LudumDare49/Ludum49Unstable/LudumUnstable/Content/UI/HUD.uasset" 351
"D:/LudumDare49/Ludum49Unstable/LudumUnstable/Content/Geometry/Meshes/MenuHat_AnimBP.uasset" 352
"D:/LudumDare49/Ludum49Unstable/LudumUnstable/Content/TwinStickBP/Blueprints/MenuPawn.uasset" 353
"D:/LudumDare49/Ludum49Unstable/LudumUnstable/Content/TwinStickBP/Blueprints/MenuGameMode.uasset" 354
"D:/LudumDare49/Ludum49Unstable/LudumUnstable/Content/Materials/Tut_Move.uasset" 355
"D:/LudumDare49/Ludum49Unstable/LudumUnstable/Content/Materials/Tut_Move_Mat.uasset" 356
"D:/LudumDare49/Ludum49Unstable/LudumUnstable/Content/Materials/Tut_Click.uasset" 357
"D:/LudumDare49/Ludum49Unstable/LudumUnstable/Content/Materials/Tut_Click_Mat.uasset" 358
"D:/LudumDare49/Ludum49Unstable/LudumUnstable/Content/Actors/TutorialPanel.uasset" 359
"D:/LudumDare49/Ludum49Unstable/LudumUnstable/Content/UI/3DMenu.uasset" 360
"D:/LudumDare49/Ludum49Unstable/LudumUnstable/Content/Actors/MenuBox.uasset" 361
"D:/LudumDare49/Ludum49Unstable/LudumUnstable/Content/TwinStickBP/Maps/DynamicMenu.umap" 362
"D:/LudumDare49/Ludum49Unstable/LudumUnstable/Content/TwinStickBP/Maps/MainLevel_BuiltData.uasset" 363
"D:/LudumDare49/Ludum49Unstable/LudumUnstable/Content/TwinStickBP/Blueprints/TwinStickGameMode.uasset" 364
"D:/LudumDare49/Ludum49Unstable/LudumUnstable/Content/TwinStickBP/Maps/MainLevel.umap" 365
"../../../Engine/Content/Maps/Entry_BuiltData.uasset" 366
"../../../Engine/Content/Maps/Entry.umap" 367
